[0.666s] DEBUG:colcon:Command line arguments: ['/home/yuzw/.local/bin/colcon', 'list', '-p', '--base-paths', '/home/yuzw/work/yuzw_workspace/cpm-cmake-sample']
[0.666s] DEBUG:colcon:Parsed command line arguments: Namespace(base_paths=['/home/yuzw/work/yuzw_workspace/cpm-cmake-sample'], build_base='build', ignore_user_meta=False, log_base=None, log_level=None, main=<bound method ListVerb.main of <colcon_package_information.verb.list.ListVerb object at 0x7f9b44f07340>>, metas=['./colcon.meta'], names_only=False, packages_above=None, packages_above_and_dependencies=None, packages_above_depth=None, packages_end=None, packages_ignore=None, packages_ignore_regex=None, packages_select=None, packages_select_build_failed=False, packages_select_by_dep=None, packages_select_regex=None, packages_select_test_failures=False, packages_skip=None, packages_skip_build_finished=False, packages_skip_by_dep=None, packages_skip_regex=None, packages_skip_test_passed=False, packages_skip_up_to=None, packages_start=None, packages_up_to=None, packages_up_to_regex=None, paths=None, paths_only=True, topological_graph=False, topological_graph_density=False, topological_graph_dot=False, topological_graph_dot_cluster=False, topological_graph_dot_include_skipped=False, topological_graph_legend=False, topological_order=False, verb_extension=<colcon_package_information.verb.list.ListVerb object at 0x7f9b44f07340>, verb_name='list', verb_parser=<colcon_defaults.argument_parser.defaults.DefaultArgumentsDecorator object at 0x7f9b44e85d90>)
[0.717s] Level 1:colcon.colcon_core.package_discovery:discover_packages(colcon_meta) check parameters
[0.718s] Level 1:colcon.colcon_core.package_discovery:discover_packages(recursive) check parameters
[0.718s] Level 1:colcon.colcon_core.package_discovery:discover_packages(ignore) check parameters
[0.718s] Level 1:colcon.colcon_core.package_discovery:discover_packages(path) check parameters
[0.718s] Level 1:colcon.colcon_core.package_discovery:discover_packages(recursive) discover
[0.719s] INFO:colcon.colcon_core.package_discovery:Crawling recursively for packages in '/home/yuzw/work/yuzw_workspace/cpm-cmake-sample'
[0.719s] Level 1:colcon.colcon_core.package_identification:_identify(/home/yuzw/work/yuzw_workspace/cpm-cmake-sample) by extensions ['ignore', 'ignore_ament_install']
[0.719s] Level 1:colcon.colcon_core.package_identification:_identify(/home/yuzw/work/yuzw_workspace/cpm-cmake-sample) by extension 'ignore'
[0.719s] Level 1:colcon.colcon_core.package_identification:_identify(/home/yuzw/work/yuzw_workspace/cpm-cmake-sample) by extension 'ignore_ament_install'
[0.719s] Level 1:colcon.colcon_core.package_identification:_identify(/home/yuzw/work/yuzw_workspace/cpm-cmake-sample) by extensions ['colcon_pkg']
[0.720s] Level 1:colcon.colcon_core.package_identification:_identify(/home/yuzw/work/yuzw_workspace/cpm-cmake-sample) by extension 'colcon_pkg'
[0.720s] Level 1:colcon.colcon_core.package_identification:_identify(/home/yuzw/work/yuzw_workspace/cpm-cmake-sample) by extensions ['colcon_meta']
[0.720s] Level 1:colcon.colcon_core.package_identification:_identify(/home/yuzw/work/yuzw_workspace/cpm-cmake-sample) by extension 'colcon_meta'
[0.720s] Level 1:colcon.colcon_core.package_identification:_identify(/home/yuzw/work/yuzw_workspace/cpm-cmake-sample) by extensions ['ros']
[0.720s] Level 1:colcon.colcon_core.package_identification:_identify(/home/yuzw/work/yuzw_workspace/cpm-cmake-sample) by extension 'ros'
[0.753s] Level 1:colcon.colcon_core.package_identification:_identify(/home/yuzw/work/yuzw_workspace/cpm-cmake-sample) by extensions ['cmake', 'python']
[0.753s] Level 1:colcon.colcon_core.package_identification:_identify(/home/yuzw/work/yuzw_workspace/cpm-cmake-sample) by extension 'cmake'
[0.791s] Level 1:colcon.colcon_core.package_identification:_identify(/home/yuzw/work/yuzw_workspace/cpm-cmake-sample) by extension 'python'
[0.791s] DEBUG:colcon.colcon_core.package_identification:Package '/home/yuzw/work/yuzw_workspace/cpm-cmake-sample' with type 'cmake' and name 'test'
[0.791s] Level 1:colcon.colcon_core.package_discovery:discover_packages(recursive) using defaults
